green 1540570132.974426
green 1540570132.974632
green 1540570132.974709
green 1540570132.974745
green 1540570132.974851
green 1540570132.974883
green 1540570132.974930
green 1540570132.974975
green 1540570132.975052
green 1540570132.975095
green 1540570132.975272
green 1540570132.975379
green 1540570132.975417
green 1540570132.975457
green 1540570132.975625
green 1540570132.975713
green 1540570132.975761
green 1540570132.975807
green 1540570132.976010
green 1540570132.976049
green 1540570132.976081
green 1540570132.976134
green 1540570132.976327
green 1540570132.976384
green 1540570132.976423
green 1540570132.976467
green 1540570132.976504
green 1540570132.976535
green 1540570132.976657
green 1540570132.976700
green 1540570132.976739
green 1540570132.976821
green 1540570132.976937
green 1540570132.976972
green 1540570132.977037
green 1540570132.977158
green 1540570132.977217
green 1540570132.977317
green 1540570132.977401
green 1540570132.977493
green 1540570132.977541
green 1540570132.977635
green 1540570132.977802
green 1540570132.977837
green 1540570132.977879
green 1540570132.978054
green 1540570132.978086
green 1540570132.978123
green 1540570132.978195
green 1540570132.978316
green 1540570132.978374
green 1540570132.978402
green 1540570132.978478
green 1540570132.978560
green 1540570132.978641
green 1540570132.978777
green 1540570132.978829
green 1540570132.978920
green 1540570132.978972
green 1540570132.979130
green 1540570132.979257
green 1540570132.979316
green 1540570132.979363
green 1540570132.979394
green 1540570132.979445
green 1540570132.979494
green 1540570132.979531
green 1540570132.979620
green 1540570132.979716
green 1540570132.979769
green 1540570132.979909
green 1540570132.979937
green 1540570132.980089
green 1540570132.980183
green 1540570132.980289
green 1540570132.980367
green 1540570132.980438
green 1540570132.980583
green 1540570132.980636
green 1540570132.980707
green 1540570132.980760
green 1540570132.980803
green 1540570132.980850
green 1540570132.980952
green 1540570132.981059
green 1540570132.981130
green 1540570132.981179
green 1540570132.981217
green 1540570132.981294
green 1540570132.981366
green 1540570132.981450
green 1540570132.981513
green 1540570132.981721
green 1540570132.981749
green 1540570132.981820
green 1540570132.981876
green 1540570132.981913
green 1540570132.981945
green 1540570132.982053
green 1540570132.982082
green 1540570132.982189
green 1540570132.982280
green 1540570132.982340
green 1540570132.982438
green 1540570132.982501
green 1540570132.982568
green 1540570132.982629
green 1540570132.982678
green 1540570132.982759
green 1540570132.982842
green 1540570132.982918
green 1540570132.982962
green 1540570132.983039
green 1540570132.983109
green 1540570132.983226
green 1540570132.983255
green 1540570132.983314
green 1540570132.983417
green 1540570132.983480
green 1540570132.983514
green 1540570132.983662
green 1540570132.983703
green 1540570132.983750
green 1540570132.983781
green 1540570132.983857
green 1540570132.983991
green 1540570132.984022
green 1540570132.984054
green 1540570132.984107
green 1540570132.984194
green 1540570132.984295
green 1540570132.984406
green 1540570132.984445
green 1540570132.984483
green 1540570132.984517
green 1540570132.984603
green 1540570132.984648
green 1540570132.984717
green 1540570132.984784
green 1540570132.984964
green 1540570132.985030
green 1540570132.985062
green 1540570132.985093
green 1540570132.985161
green 1540570132.985232
green 1540570132.985333
green 1540570132.985476
green 1540570132.985511
green 1540570132.985559
green 1540570132.985619
green 1540570132.985662
green 1540570132.985774
green 1540570132.985813
green 1540570132.985857
green 1540570132.985973
green 1540570132.986012
green 1540570132.986060
green 1540570132.986134
green 1540570132.986277
green 1540570132.986307
green 1540570132.986403
green 1540570132.986520
green 1540570132.986557
green 1540570132.986587
green 1540570132.986672
green 1540570132.986744
green 1540570132.986824
green 1540570132.986914
green 1540570132.986982
green 1540570132.987022
green 1540570132.987099
green 1540570132.987253
green 1540570132.987425
green 1540570132.987468
green 1540570132.987527
green 1540570132.987683
green 1540570132.987762
green 1540570132.987892
green 1540570132.987925
green 1540570132.988064
green 1540570132.988130
green 1540570132.988207
green 1540570132.988441
green 1540570132.988502
green 1540570132.988546
green 1540570132.988670
green 1540570132.988781
green 1540570132.988873
green 1540570132.988986
green 1540570132.989059
green 1540570132.989142
green 1540570132.989198
green 1540570132.989310
green 1540570132.989351
green 1540570132.989535
green 1540570132.989592
green 1540570132.989671
green 1540570132.989716
green 1540570132.989763
green 1540570132.989799
green 1540570132.989837
green 1540570132.989922
green 1540570132.989963
green 1540570132.990060
green 1540570132.990120
green 1540570132.990175
green 1540570132.990274
green 1540570132.990404
green 1540570132.990529
green 1540570132.990629
green 1540570132.990681
green 1540570132.990724
green 1540570132.990774
green 1540570132.990903
green 1540570132.992642
green 1540570132.992691
green 1540570132.992850
green 1540570132.992891
green 1540570132.992969
green 1540570132.993007
green 1540570132.993158
green 1540570132.993193
green 1540570132.993259
green 1540570132.993302
green 1540570132.993385
green 1540570132.993448
green 1540570132.993520
green 1540570132.993597
green 1540570132.993813
green 1540570132.993855
green 1540570132.993922
green 1540570132.994059
green 1540570132.994100
green 1540570132.994147
green 1540570132.994192
green 1540570132.994392
green 1540570132.994464
green 1540570132.994545
green 1540570132.994622
green 1540570132.994699
green 1540570132.994774
green 1540570132.994854
green 1540570132.994909
green 1540570132.994982
green 1540570132.995085
green 1540570132.995157
green 1540570132.995239
green 1540570132.995317
green 1540570132.995350
green 1540570132.995468
green 1540570132.995529
green 1540570132.995599
green 1540570132.995699
green 1540570132.995770
green 1540570132.995809
green 1540570132.995884
green 1540570132.995958
green 1540570132.995992
green 1540570132.996069
green 1540570132.996227
green 1540570132.996272
green 1540570132.996364
green 1540570132.996404
green 1540570132.996441
green 1540570132.996627
green 1540570132.996664
green 1540570132.996722
green 1540570132.996760
green 1540570132.996877
green 1540570132.996938
green 1540570132.996979
green 1540570132.997024
green 1540570132.997061
green 1540570132.997285
green 1540570132.997330
green 1540570132.997404
green 1540570132.997484
green 1540570132.997574
green 1540570132.997612
green 1540570132.997680
green 1540570132.997776
green 1540570132.997812
green 1540570132.997846
green 1540570132.997885
green 1540570132.997995
green 1540570132.998156
green 1540570132.998229
green 1540570132.998264
green 1540570132.998479
green 1540570132.998516
green 1540570132.998564
green 1540570132.998605
green 1540570132.998792
green 1540570132.998960
green 1540570132.999047
green 1540570132.999115
green 1540570132.999214
green 1540570132.999314
green 1540570132.999351
green 1540570132.999393
green 1540570132.999447
green 1540570132.999525
green 1540570132.999561
green 1540570132.999690
green 1540570132.999750
green 1540570132.999826
green 1540570132.999916
green 1540570133.000042
green 1540570133.000176
green 1540570133.000217
green 1540570133.000353
green 1540570133.000386
green 1540570133.000467
green 1540570133.000505
green 1540570133.000534
green 1540570133.000570
green 1540570133.000813
green 1540570133.000882
green 1540570133.000968
green 1540570133.001038
green 1540570133.001110
green 1540570133.001169
green 1540570133.001256
green 1540570133.001309
green 1540570133.001384
green 1540570133.001435
green 1540570133.001531
green 1540570133.001675
green 1540570133.001746
green 1540570133.001797
green 1540570133.001955
green 1540570133.001996
green 1540570133.002028
green 1540570133.002080
green 1540570133.002203
green 1540570133.002368
green 1540570133.002433
green 1540570133.002482
green 1540570133.002520
green 1540570133.002697
green 1540570133.002784
green 1540570133.002823
green 1540570133.002927
green 1540570133.002963
green 1540570133.003002
green 1540570133.003138
green 1540570133.003185
green 1540570133.003338
green 1540570133.003381
green 1540570133.003459
green 1540570133.003674
green 1540570133.003726
green 1540570133.003766
green 1540570133.003811
green 1540570133.003843
green 1540570133.003948
green 1540570133.004033
green 1540570133.004179
green 1540570133.004355
green 1540570133.004436
green 1540570133.004500
green 1540570133.004566
green 1540570133.004633
green 1540570133.004700
green 1540570133.004756
green 1540570133.004904
green 1540570133.004986
green 1540570133.005096
green 1540570133.005183
green 1540570133.005228
green 1540570133.005266
green 1540570133.005302
green 1540570133.005374
green 1540570133.005428
green 1540570133.005518
green 1540570133.005740
green 1540570133.005827
green 1540570133.005868
green 1540570133.005932
green 1540570133.006031
green 1540570133.006127
green 1540570133.006248
green 1540570133.006290
green 1540570133.006328
green 1540570133.006366
green 1540570133.006474
green 1540570133.006568
green 1540570133.006655
green 1540570133.006686
green 1540570133.006835
green 1540570133.006887
green 1540570133.006954
green 1540570133.007010
green 1540570133.007114
green 1540570133.007227
green 1540570133.007262
green 1540570133.007299
green 1540570133.007405
green 1540570133.007499
green 1540570133.007565
green 1540570133.007659
green 1540570133.007713
green 1540570133.007785
green 1540570133.008028
green 1540570133.008142
green 1540570133.008241
green 1540570133.008337
green 1540570133.008425
green 1540570133.008547
green 1540570133.008630
green 1540570133.008666
green 1540570133.008796
green 1540570133.008898
green 1540570133.008939
green 1540570133.008999
green 1540570133.009117
green 1540570133.009155
green 1540570133.009290
green 1540570133.009363
green 1540570133.009430
green 1540570133.009480
green 1540570133.009523
green 1540570133.009559
green 1540570133.009601
green 1540570133.009820
green 1540570133.009912
green 1540570133.009990
green 1540570133.010065
green 1540570133.010107
green 1540570133.010171
green 1540570133.010214
green 1540570133.010275
green 1540570133.010309
green 1540570133.010575
green 1540570133.010631
green 1540570133.010753
green 1540570133.010840
green 1540570133.010917
green 1540570133.011003
green 1540570133.011097
green 1540570133.011173
green 1540570133.011256
green 1540570133.011296
green 1540570133.011404
green 1540570133.011498
green 1540570133.011539
green 1540570133.011577
green 1540570133.011664
green 1540570133.011739
green 1540570133.011841
green 1540570133.011887
green 1540570133.012049
green 1540570133.012218
green 1540570133.012298
green 1540570133.012375
green 1540570133.012449
green 1540570133.012553
green 1540570133.012637
green 1540570133.012702
green 1540570133.012785
green 1540570133.012860
green 1540570133.012909
green 1540570133.012951
green 1540570133.012999
green 1540570133.013062
green 1540570133.013181
green 1540570133.013210
green 1540570133.013317
green 1540570133.013415
green 1540570133.013668
green 1540570133.013750
green 1540570133.013833
green 1540570133.013922
green 1540570133.014007
green 1540570133.014071
green 1540570133.014124
green 1540570133.014279
green 1540570133.014385
green 1540570133.014476
green 1540570133.014560
green 1540570133.014659
green 1540570133.014715
green 1540570133.014848
green 1540570133.014943
green 1540570133.015001
green 1540570133.015063
green 1540570133.015109
green 1540570133.015189
green 1540570133.015373
green 1540570133.015443
green 1540570133.015536
green 1540570133.015625
green 1540570133.015715
green 1540570133.015820
green 1540570133.015893
green 1540570133.015962
green 1540570133.016011
green 1540570133.016156
green 1540570133.016215
green 1540570133.016261
green 1540570133.016383
green 1540570133.016420
green 1540570133.016464
green 1540570133.016619
green 1540570133.016738
green 1540570133.016824
green 1540570133.016910
green 1540570133.017007
green 1540570133.017102
green 1540570133.017163
green 1540570133.017213
green 1540570133.017336
green 1540570133.017405
green 1540570133.017484
green 1540570133.017615
green 1540570133.017715
green 1540570133.017769
green 1540570133.017824
green 1540570133.017867
green 1540570133.018037
green 1540570133.018076
green 1540570133.018129
green 1540570133.018279
green 1540570133.018363
green 1540570133.018436
green 1540570133.018523
green 1540570133.018610
green 1540570133.018667
green 1540570133.018704
green 1540570133.018851
green 1540570133.018934
green 1540570133.019018
green 1540570133.019100
green 1540570133.019183
green 1540570133.019222
green 1540570133.019290
green 1540570133.019383
green 1540570133.019432
green 1540570133.019469
green 1540570133.019607
green 1540570133.019649
green 1540570133.019783
green 1540570133.019817
green 1540570133.019888
green 1540570133.020029
green 1540570133.020076
green 1540570133.020115
green 1540570133.020188
green 1540570133.020280
green 1540570133.020408
green 1540570133.020446
green 1540570133.020578
green 1540570133.020625
green 1540570133.020704
green 1540570133.020791
green 1540570133.020876
green 1540570133.020986
green 1540570133.021037
green 1540570133.021196
green 1540570133.021293
green 1540570133.021366
green 1540570133.021446
green 1540570133.021531
green 1540570133.021712
green 1540570133.021782
green 1540570133.021895
green 1540570133.022016
green 1540570133.022110
green 1540570133.022150
green 1540570133.022271
green 1540570133.022336
green 1540570133.022446
green 1540570133.022560
green 1540570133.022676
green 1540570133.022737
green 1540570133.022891
green 1540570133.022935
green 1540570133.022970
green 1540570133.023003
green 1540570133.023100
green 1540570133.023266
green 1540570133.023412
green 1540570133.023452
green 1540570133.023532
green 1540570133.023666
green 1540570133.023739
green 1540570133.023795
green 1540570133.023879
green 1540570133.023991
green 1540570133.024031
green 1540570133.024076
green 1540570133.024117
green 1540570133.024195
green 1540570133.024292
green 1540570133.024332
green 1540570133.024449
green 1540570133.024522
green 1540570133.024663
green 1540570133.024739
green 1540570133.024783
green 1540570133.024911
green 1540570133.024981
green 1540570133.025037
green 1540570133.025104
green 1540570133.025173
green 1540570133.025249
green 1540570133.025418
green 1540570133.025462
green 1540570133.025606
green 1540570133.025648
green 1540570133.025704
green 1540570133.025748
green 1540570133.026551
green 1540570133.026704
green 1540570133.026795
green 1540570133.026842
green 1540570133.026958
green 1540570133.027012
green 1540570133.027153
green 1540570133.027197
green 1540570133.027241
green 1540570133.027300
green 1540570133.027408
green 1540570133.027572
green 1540570133.027747
green 1540570133.027843
green 1540570133.027924
green 1540570133.028000
green 1540570133.028081
green 1540570133.028211
green 1540570133.028259
green 1540570133.028304
green 1540570133.028386
green 1540570133.028431
green 1540570133.028473
green 1540570133.028688
green 1540570133.028747
green 1540570133.028794
green 1540570133.028840
green 1540570133.028884
green 1540570133.029125
green 1540570133.029168
green 1540570133.029220
green 1540570133.029265
green 1540570133.029311
green 1540570133.029585
green 1540570133.029654
green 1540570133.029701
green 1540570133.029811
green 1540570133.029856
green 1540570133.029970
green 1540570133.030051
green 1540570133.030130
green 1540570133.030208
green 1540570133.030249
green 1540570133.030291
green 1540570133.030332
green 1540570133.030378
green 1540570133.030490
green 1540570133.030535
green 1540570133.030724
green 1540570133.030768
green 1540570133.030850
green 1540570133.030887
green 1540570133.030919
green 1540570133.030997
green 1540570133.031130
green 1540570133.031173
green 1540570133.031316
green 1540570133.031412
green 1540570133.031600
green 1540570133.031732
green 1540570133.031809
green 1540570133.031850
green 1540570133.031886
green 1540570133.032094
green 1540570133.032172
green 1540570133.032277
green 1540570133.032321
green 1540570133.032370
green 1540570133.032416
green 1540570133.032456
green 1540570133.032536
green 1540570133.032681
green 1540570133.032817
green 1540570133.032873
green 1540570133.033027
green 1540570133.033071
green 1540570133.033185
green 1540570133.033264
green 1540570133.033444
green 1540570133.033586
green 1540570133.033634
green 1540570133.033675
green 1540570133.033727
green 1540570133.033765
green 1540570133.033865
green 1540570133.033911
green 1540570133.034050
green 1540570133.034094
green 1540570133.034288
green 1540570133.034324
green 1540570133.034528
green 1540570133.034620
green 1540570133.034675
green 1540570133.034720
green 1540570133.034802
green 1540570133.034850
green 1540570133.034898
green 1540570133.034975
green 1540570133.035012
green 1540570133.035069
green 1540570133.035255
green 1540570133.035350
green 1540570133.035392
green 1540570133.035575
green 1540570133.035620
green 1540570133.035776
green 1540570133.035824
green 1540570133.035864
green 1540570133.035911
green 1540570133.035954
green 1540570133.036056
green 1540570133.036106
green 1540570133.036325
green 1540570133.036425
green 1540570133.036468
green 1540570133.036596
green 1540570133.036644
green 1540570133.036690
green 1540570133.036728
green 1540570133.036768
green 1540570133.036848
green 1540570133.036915
green 1540570133.036973
green 1540570133.037032
green 1540570133.037083
green 1540570133.037216
green 1540570133.037324
green 1540570133.037470
green 1540570133.037515
green 1540570133.037560
green 1540570133.037604
green 1540570133.037649
green 1540570133.037747
green 1540570133.037903
green 1540570133.037939
green 1540570133.037979
green 1540570133.038124
green 1540570133.038166
green 1540570133.038306
green 1540570133.038342
green 1540570133.038473
green 1540570133.038530
green 1540570133.038580
green 1540570133.038701
green 1540570133.038781
green 1540570133.038913
green 1540570133.039123
green 1540570133.039164
green 1540570133.039227
green 1540570133.039265
green 1540570133.039404
green 1540570133.039502
green 1540570133.039542
green 1540570133.039576
green 1540570133.039654
green 1540570133.039770
green 1540570133.039814
green 1540570133.039862
green 1540570133.039935
green 1540570133.040032
green 1540570133.040227
green 1540570133.040350
green 1540570133.040432
green 1540570133.040537
green 1540570133.040637
green 1540570133.040724
green 1540570133.040814
green 1540570133.040865
green 1540570133.041000
green 1540570133.041081
green 1540570133.041154
green 1540570133.041197
green 1540570133.041246
green 1540570133.041292
green 1540570133.041335
green 1540570133.041584
green 1540570133.041678
green 1540570133.041772
green 1540570133.041833
green 1540570133.041938
green 1540570133.042029
green 1540570133.042125
green 1540570133.042176
green 1540570133.042223
green 1540570133.042278
green 1540570133.042350
green 1540570133.042403
green 1540570133.042590
green 1540570133.042708
green 1540570133.042808
green 1540570133.042870
green 1540570133.042921
green 1540570133.042965
green 1540570133.043034
green 1540570133.043156
green 1540570133.043200
green 1540570133.043311
green 1540570133.043530
green 1540570133.043565
green 1540570133.043667
green 1540570133.043801
green 1540570133.043913
green 1540570133.043978
green 1540570133.044013
green 1540570133.044052
green 1540570133.044236
green 1540570133.044315
green 1540570133.044396
green 1540570133.044431
green 1540570133.044467
green 1540570133.044504
green 1540570133.044615
green 1540570133.044748
green 1540570133.044794
green 1540570133.044895
green 1540570133.044986
green 1540570133.045038
green 1540570133.045092
green 1540570133.045145
green 1540570133.045273
green 1540570133.045386
green 1540570133.045615
green 1540570133.045656
green 1540570133.045710
green 1540570133.045771
green 1540570133.045929
green 1540570133.045988
green 1540570133.046030
green 1540570133.046116
green 1540570133.046312
green 1540570133.046356
green 1540570133.046418
green 1540570133.046479
green 1540570133.046530
green 1540570133.046594
green 1540570133.046806
green 1540570133.046921
green 1540570133.047058
green 1540570133.047100
green 1540570133.047144
green 1540570133.047188
green 1540570133.047272
green 1540570133.047376
green 1540570133.047501
green 1540570133.047562
green 1540570133.047874
green 1540570133.047934
green 1540570133.047993
green 1540570133.048130
green 1540570133.048162
green 1540570133.048200
green 1540570133.048247
green 1540570133.048294
green 1540570133.048387
green 1540570133.048477
green 1540570133.048568
green 1540570133.048602
green 1540570133.048691
green 1540570133.048905
green 1540570133.049024
green 1540570133.049085
green 1540570133.049127
green 1540570133.049185
green 1540570133.049304
green 1540570133.049342
green 1540570133.049376
green 1540570133.049449
green 1540570133.049498
green 1540570133.049626
green 1540570133.049672
green 1540570133.049703
green 1540570133.049863
green 1540570133.049933
green 1540570133.049970
green 1540570133.050005
green 1540570133.050142
green 1540570133.050173
green 1540570133.050276
green 1540570133.050311
green 1540570133.050438
green 1540570133.050621
green 1540570133.050704
green 1540570133.050792
green 1540570133.050836
green 1540570133.050933
green 1540570133.050972
green 1540570133.051029
green 1540570133.051062
green 1540570133.051221
green 1540570133.051259
green 1540570133.051336
green 1540570133.051403
green 1540570133.051450
green 1540570133.051488
green 1540570133.051543
green 1540570133.051742
green 1540570133.051806
green 1540570133.051844
green 1540570133.051972
green 1540570133.052022
green 1540570133.052155
green 1540570133.052198
green 1540570133.052238
green 1540570133.052324
green 1540570133.052403
green 1540570133.052504
green 1540570133.052586
green 1540570133.052649
green 1540570133.052710
green 1540570133.052759
green 1540570133.052826
green 1540570133.052876
green 1540570133.052924
green 1540570133.053006
green 1540570133.053178
green 1540570133.053313
green 1540570133.053384
green 1540570133.053430
green 1540570133.053560
green 1540570133.053601
green 1540570133.053638
green 1540570133.053678
green 1540570133.053936
green 1540570133.053973
green 1540570133.054046
green 1540570133.054109
green 1540570133.054197
green 1540570133.054270
green 1540570133.054303
green 1540570133.054351
green 1540570133.054485
green 1540570133.054533
green 1540570133.054634
green 1540570133.054724
green 1540570133.054789
green 1540570133.054929
green 1540570133.055039
green 1540570133.055111
green 1540570133.055265
green 1540570133.055296
green 1540570133.055333
green 1540570133.055412
green 1540570133.055464
green 1540570133.055653
green 1540570133.055689
green 1540570133.055853
green 1540570133.055912
green 1540570133.055964
green 1540570133.056009
green 1540570133.056063
green 1540570133.056142
green 1540570133.056279
green 1540570133.056344
green 1540570133.056400
green 1540570133.056627
green 1540570133.056677
green 1540570133.056713
green 1540570133.056751
green 1540570133.056780
green 1540570133.056876
green 1540570133.056988
green 1540570133.057056
green 1540570133.057089
green 1540570133.057131
green 1540570133.057214
green 1540570133.057309
green 1540570133.057401
green 1540570133.057535
green 1540570133.057614
green 1540570133.057725
green 1540570133.057788
green 1540570133.057864
green 1540570133.057937
green 1540570133.058048
green 1540570133.058112
green 1540570133.058303
green 1540570133.058342
green 1540570133.058386
green 1540570133.058578
green 1540570133.061241
green 1540570133.061276
green 1540570133.061314
green 1540570133.061423
green 1540570133.061463
green 1540570133.061587
green 1540570133.061644
green 1540570133.061735
green 1540570133.061829
