blue 1540570132.974555
blue 1540570132.974648
blue 1540570132.974723
blue 1540570132.974767
blue 1540570132.974861
blue 1540570132.974902
blue 1540570132.974945
blue 1540570132.975025
blue 1540570132.975066
blue 1540570132.975243
blue 1540570132.975285
blue 1540570132.975391
blue 1540570132.975430
blue 1540570132.975470
blue 1540570132.975677
blue 1540570132.975726
blue 1540570132.975777
blue 1540570132.975818
blue 1540570132.976020
blue 1540570132.976061
blue 1540570132.976105
blue 1540570132.976283
blue 1540570132.976347
blue 1540570132.976399
blue 1540570132.976434
blue 1540570132.976484
blue 1540570132.976513
blue 1540570132.976546
blue 1540570132.976664
blue 1540570132.976716
blue 1540570132.976771
blue 1540570132.976832
blue 1540570132.976954
blue 1540570132.977006
blue 1540570132.977096
blue 1540570132.977168
blue 1540570132.977264
blue 1540570132.977355
blue 1540570132.977464
blue 1540570132.977505
blue 1540570132.977552
blue 1540570132.977770
blue 1540570132.977813
blue 1540570132.977858
blue 1540570132.977939
blue 1540570132.978065
blue 1540570132.978096
blue 1540570132.978166
blue 1540570132.978205
blue 1540570132.978337
blue 1540570132.978385
blue 1540570132.978423
blue 1540570132.978488
blue 1540570132.978572
blue 1540570132.978653
blue 1540570132.978796
blue 1540570132.978846
blue 1540570132.978929
blue 1540570132.978996
blue 1540570132.979145
blue 1540570132.979282
blue 1540570132.979326
blue 1540570132.979373
blue 1540570132.979398
blue 1540570132.979459
blue 1540570132.979505
blue 1540570132.979543
blue 1540570132.979630
blue 1540570132.979748
blue 1540570132.979842
blue 1540570132.979919
blue 1540570132.979948
blue 1540570132.980097
blue 1540570132.980198
blue 1540570132.980327
blue 1540570132.980380
blue 1540570132.980488
blue 1540570132.980599
blue 1540570132.980651
blue 1540570132.980717
blue 1540570132.980777
blue 1540570132.980826
blue 1540570132.980885
blue 1540570132.981012
blue 1540570132.981097
blue 1540570132.981149
blue 1540570132.981193
blue 1540570132.981251
blue 1540570132.981334
blue 1540570132.981386
blue 1540570132.981491
blue 1540570132.981571
blue 1540570132.981731
blue 1540570132.981761
blue 1540570132.981841
blue 1540570132.981889
blue 1540570132.981924
blue 1540570132.981992
blue 1540570132.982064
blue 1540570132.982117
blue 1540570132.982206
blue 1540570132.982291
blue 1540570132.982379
blue 1540570132.982450
blue 1540570132.982527
blue 1540570132.982612
blue 1540570132.982663
blue 1540570132.982718
blue 1540570132.982771
blue 1540570132.982852
blue 1540570132.982929
blue 1540570132.983004
blue 1540570132.983095
blue 1540570132.983160
blue 1540570132.983238
blue 1540570132.983266
blue 1540570132.983323
blue 1540570132.983428
blue 1540570132.983492
blue 1540570132.983584
blue 1540570132.983683
blue 1540570132.983712
blue 1540570132.983760
blue 1540570132.983837
blue 1540570132.983975
blue 1540570132.984004
blue 1540570132.984034
blue 1540570132.984088
blue 1540570132.984140
blue 1540570132.984208
blue 1540570132.984388
blue 1540570132.984416
blue 1540570132.984458
blue 1540570132.984494
blue 1540570132.984529
blue 1540570132.984613
blue 1540570132.984660
blue 1540570132.984729
blue 1540570132.984796
blue 1540570132.984986
blue 1540570132.985040
blue 1540570132.985074
blue 1540570132.985106
blue 1540570132.985209
blue 1540570132.985249
blue 1540570132.985344
blue 1540570132.985489
blue 1540570132.985532
blue 1540570132.985570
blue 1540570132.985640
blue 1540570132.985716
blue 1540570132.985781
blue 1540570132.985823
blue 1540570132.985868
blue 1540570132.985985
blue 1540570132.986024
blue 1540570132.986083
blue 1540570132.986169
blue 1540570132.986287
blue 1540570132.986361
blue 1540570132.986418
blue 1540570132.986534
blue 1540570132.986568
blue 1540570132.986596
blue 1540570132.986682
blue 1540570132.986756
blue 1540570132.986833
blue 1540570132.986964
blue 1540570132.987000
blue 1540570132.987031
blue 1540570132.987160
blue 1540570132.987276
blue 1540570132.987436
blue 1540570132.987492
blue 1540570132.987542
blue 1540570132.987695
blue 1540570132.987775
blue 1540570132.987902
blue 1540570132.987962
blue 1540570132.988075
blue 1540570132.988176
blue 1540570132.988395
blue 1540570132.988466
blue 1540570132.988515
blue 1540570132.988646
blue 1540570132.988684
blue 1540570132.988849
blue 1540570132.988881
blue 1540570132.989041
blue 1540570132.989110
blue 1540570132.989167
blue 1540570132.989216
blue 1540570132.989319
blue 1540570132.989492
blue 1540570132.989561
blue 1540570132.989604
blue 1540570132.989682
blue 1540570132.989728
blue 1540570132.989776
blue 1540570132.989810
blue 1540570132.989847
blue 1540570132.989932
blue 1540570132.990038
blue 1540570132.990067
blue 1540570132.990131
blue 1540570132.990207
blue 1540570132.990375
blue 1540570132.990501
blue 1540570132.990539
blue 1540570132.990640
blue 1540570132.990699
blue 1540570132.990733
blue 1540570132.990844
blue 1540570132.992608
blue 1540570132.992662
blue 1540570132.992704
blue 1540570132.992863
blue 1540570132.992903
blue 1540570132.992982
blue 1540570132.993064
blue 1540570132.993171
blue 1540570132.993206
blue 1540570132.993272
blue 1540570132.993348
blue 1540570132.993395
blue 1540570132.993495
blue 1540570132.993567
blue 1540570132.993747
blue 1540570132.993826
blue 1540570132.993888
blue 1540570132.993994
blue 1540570132.994072
blue 1540570132.994114
blue 1540570132.994162
blue 1540570132.994200
blue 1540570132.994417
blue 1540570132.994486
blue 1540570132.994572
blue 1540570132.994651
blue 1540570132.994727
blue 1540570132.994797
blue 1540570132.994882
blue 1540570132.994957
blue 1540570132.995041
blue 1540570132.995110
blue 1540570132.995183
blue 1540570132.995251
blue 1540570132.995326
blue 1540570132.995412
blue 1540570132.995496
blue 1540570132.995578
blue 1540570132.995648
blue 1540570132.995709
blue 1540570132.995781
blue 1540570132.995864
blue 1540570132.995932
blue 1540570132.995970
blue 1540570132.996046
blue 1540570132.996169
blue 1540570132.996249
blue 1540570132.996331
blue 1540570132.996377
blue 1540570132.996418
blue 1540570132.996562
blue 1540570132.996638
blue 1540570132.996704
blue 1540570132.996740
blue 1540570132.996774
blue 1540570132.996888
blue 1540570132.996956
blue 1540570132.996995
blue 1540570132.997035
blue 1540570132.997169
blue 1540570132.997313
blue 1540570132.997369
blue 1540570132.997411
blue 1540570132.997494
blue 1540570132.997587
blue 1540570132.997658
blue 1540570132.997741
blue 1540570132.997788
blue 1540570132.997823
blue 1540570132.997859
blue 1540570132.997904
blue 1540570132.998116
blue 1540570132.998166
blue 1540570132.998239
blue 1540570132.998287
blue 1540570132.998488
blue 1540570132.998539
blue 1540570132.998577
blue 1540570132.998613
blue 1540570132.998806
blue 1540570132.998985
blue 1540570132.999076
blue 1540570132.999132
blue 1540570132.999225
blue 1540570132.999322
blue 1540570132.999365
blue 1540570132.999406
blue 1540570132.999459
blue 1540570132.999537
blue 1540570132.999576
blue 1540570132.999703
blue 1540570132.999789
blue 1540570132.999883
blue 1540570132.999924
blue 1540570133.000052
blue 1540570133.000193
blue 1540570133.000243
blue 1540570133.000363
blue 1540570133.000439
blue 1540570133.000481
blue 1540570133.000516
blue 1540570133.000545
blue 1540570133.000586
blue 1540570133.000841
blue 1540570133.000893
blue 1540570133.000978
blue 1540570133.001067
blue 1540570133.001135
blue 1540570133.001223
blue 1540570133.001267
blue 1540570133.001362
blue 1540570133.001407
blue 1540570133.001451
blue 1540570133.001563
blue 1540570133.001708
blue 1540570133.001764
blue 1540570133.001818
blue 1540570133.001967
blue 1540570133.002007
blue 1540570133.002033
blue 1540570133.002174
blue 1540570133.002220
blue 1540570133.002395
blue 1540570133.002446
blue 1540570133.002494
blue 1540570133.002656
blue 1540570133.002734
blue 1540570133.002793
blue 1540570133.002890
blue 1540570133.002940
blue 1540570133.002973
blue 1540570133.003015
blue 1540570133.003157
blue 1540570133.003317
blue 1540570133.003354
blue 1540570133.003399
blue 1540570133.003483
blue 1540570133.003697
blue 1540570133.003739
blue 1540570133.003780
blue 1540570133.003825
blue 1540570133.003925
blue 1540570133.004012
blue 1540570133.004126
blue 1540570133.004305
blue 1540570133.004381
blue 1540570133.004453
blue 1540570133.004524
blue 1540570133.004586
blue 1540570133.004655
blue 1540570133.004714
blue 1540570133.004774
blue 1540570133.004915
blue 1540570133.004999
blue 1540570133.005125
blue 1540570133.005199
blue 1540570133.005238
blue 1540570133.005282
blue 1540570133.005316
blue 1540570133.005392
blue 1540570133.005456
blue 1540570133.005533
blue 1540570133.005762
blue 1540570133.005843
blue 1540570133.005880
blue 1540570133.005982
blue 1540570133.006045
blue 1540570133.006140
blue 1540570133.006259
blue 1540570133.006301
blue 1540570133.006342
blue 1540570133.006394
blue 1540570133.006485
blue 1540570133.006583
blue 1540570133.006667
blue 1540570133.006696
blue 1540570133.006858
blue 1540570133.006930
blue 1540570133.006962
blue 1540570133.007087
blue 1540570133.007125
blue 1540570133.007242
blue 1540570133.007277
blue 1540570133.007342
blue 1540570133.007416
blue 1540570133.007532
blue 1540570133.007576
blue 1540570133.007682
blue 1540570133.007766
blue 1540570133.007973
blue 1540570133.008081
blue 1540570133.008154
blue 1540570133.008270
blue 1540570133.008377
blue 1540570133.008436
blue 1540570133.008572
blue 1540570133.008641
blue 1540570133.008682
blue 1540570133.008859
blue 1540570133.008914
blue 1540570133.008975
blue 1540570133.009044
blue 1540570133.009125
blue 1540570133.009175
blue 1540570133.009312
blue 1540570133.009383
blue 1540570133.009453
blue 1540570133.009493
blue 1540570133.009537
blue 1540570133.009573
blue 1540570133.009613
blue 1540570133.009844
blue 1540570133.009944
blue 1540570133.010017
blue 1540570133.010077
blue 1540570133.010146
blue 1540570133.010183
blue 1540570133.010225
blue 1540570133.010285
blue 1540570133.010319
blue 1540570133.010601
blue 1540570133.010690
blue 1540570133.010782
blue 1540570133.010867
blue 1540570133.010944
blue 1540570133.011040
blue 1540570133.011127
blue 1540570133.011183
blue 1540570133.011266
blue 1540570133.011350
blue 1540570133.011414
blue 1540570133.011510
blue 1540570133.011550
blue 1540570133.011589
blue 1540570133.011686
blue 1540570133.011782
blue 1540570133.011858
blue 1540570133.012013
blue 1540570133.012062
blue 1540570133.012244
blue 1540570133.012323
blue 1540570133.012405
blue 1540570133.012460
blue 1540570133.012583
blue 1540570133.012658
blue 1540570133.012729
blue 1540570133.012812
blue 1540570133.012871
blue 1540570133.012920
blue 1540570133.012965
blue 1540570133.013012
blue 1540570133.013084
blue 1540570133.013193
blue 1540570133.013227
blue 1540570133.013385
blue 1540570133.013433
blue 1540570133.013697
blue 1540570133.013777
blue 1540570133.013866
blue 1540570133.013953
blue 1540570133.014037
blue 1540570133.014093
blue 1540570133.014150
blue 1540570133.014308
blue 1540570133.014412
blue 1540570133.014504
blue 1540570133.014598
blue 1540570133.014687
blue 1540570133.014777
blue 1540570133.014879
blue 1540570133.014977
blue 1540570133.015014
blue 1540570133.015079
blue 1540570133.015124
blue 1540570133.015207
blue 1540570133.015402
blue 1540570133.015456
blue 1540570133.015560
blue 1540570133.015664
blue 1540570133.015733
blue 1540570133.015842
blue 1540570133.015916
blue 1540570133.015981
blue 1540570133.016095
blue 1540570133.016184
blue 1540570133.016232
blue 1540570133.016277
blue 1540570133.016397
blue 1540570133.016435
blue 1540570133.016590
blue 1540570133.016667
blue 1540570133.016773
blue 1540570133.016845
blue 1540570133.016939
blue 1540570133.017034
blue 1540570133.017127
blue 1540570133.017183
blue 1540570133.017222
blue 1540570133.017360
blue 1540570133.017456
blue 1540570133.017500
blue 1540570133.017670
blue 1540570133.017745
blue 1540570133.017793
blue 1540570133.017840
blue 1540570133.017936
blue 1540570133.018050
blue 1540570133.018087
blue 1540570133.018226
blue 1540570133.018312
blue 1540570133.018388
blue 1540570133.018464
blue 1540570133.018552
blue 1540570133.018639
blue 1540570133.018681
blue 1540570133.018730
blue 1540570133.018879
blue 1540570133.018965
blue 1540570133.019046
blue 1540570133.019127
blue 1540570133.019198
blue 1540570133.019236
blue 1540570133.019302
blue 1540570133.019397
blue 1540570133.019444
blue 1540570133.019478
blue 1540570133.019619
blue 1540570133.019660
blue 1540570133.019794
blue 1540570133.019830
blue 1540570133.019901
blue 1540570133.020039
blue 1540570133.020086
blue 1540570133.020126
blue 1540570133.020202
blue 1540570133.020292
blue 1540570133.020419
blue 1540570133.020473
blue 1540570133.020596
blue 1540570133.020636
blue 1540570133.020721
blue 1540570133.020808
blue 1540570133.020889
blue 1540570133.021008
blue 1540570133.021102
blue 1540570133.021209
blue 1540570133.021307
blue 1540570133.021379
blue 1540570133.021456
blue 1540570133.021547
blue 1540570133.021738
blue 1540570133.021816
blue 1540570133.021922
blue 1540570133.022029
blue 1540570133.022126
blue 1540570133.022172
blue 1540570133.022295
blue 1540570133.022346
blue 1540570133.022534
blue 1540570133.022645
blue 1540570133.022700
blue 1540570133.022748
blue 1540570133.022914
blue 1540570133.022945
blue 1540570133.022982
blue 1540570133.023044
blue 1540570133.023146
blue 1540570133.023277
blue 1540570133.023425
blue 1540570133.023473
blue 1540570133.023645
blue 1540570133.023711
blue 1540570133.023766
blue 1540570133.023808
blue 1540570133.023890
blue 1540570133.024004
blue 1540570133.024046
blue 1540570133.024088
blue 1540570133.024163
blue 1540570133.024270
blue 1540570133.024307
blue 1540570133.024366
blue 1540570133.024458
blue 1540570133.024640
blue 1540570133.024677
blue 1540570133.024750
blue 1540570133.024794
blue 1540570133.024929
blue 1540570133.024997
blue 1540570133.025047
blue 1540570133.025114
blue 1540570133.025182
blue 1540570133.025264
blue 1540570133.025433
blue 1540570133.025476
blue 1540570133.025622
blue 1540570133.025660
blue 1540570133.025716
blue 1540570133.025759
blue 1540570133.026567
blue 1540570133.026736
blue 1540570133.026818
blue 1540570133.026898
blue 1540570133.026985
blue 1540570133.027027
blue 1540570133.027170
blue 1540570133.027213
blue 1540570133.027264
blue 1540570133.027383
blue 1540570133.027418
blue 1540570133.027700
blue 1540570133.027760
blue 1540570133.027873
blue 1540570133.027949
blue 1540570133.028030
blue 1540570133.028102
blue 1540570133.028224
blue 1540570133.028271
blue 1540570133.028357
blue 1540570133.028401
blue 1540570133.028444
blue 1540570133.028485
blue 1540570133.028717
blue 1540570133.028764
blue 1540570133.028811
blue 1540570133.028854
blue 1540570133.029095
blue 1540570133.029141
blue 1540570133.029187
blue 1540570133.029236
blue 1540570133.029279
blue 1540570133.029523
blue 1540570133.029614
blue 1540570133.029670
blue 1540570133.029716
blue 1540570133.029821
blue 1540570133.029867
blue 1540570133.029998
blue 1540570133.030078
blue 1540570133.030162
blue 1540570133.030222
blue 1540570133.030263
blue 1540570133.030306
blue 1540570133.030346
blue 1540570133.030394
blue 1540570133.030507
blue 1540570133.030551
blue 1540570133.030740
blue 1540570133.030783
blue 1540570133.030861
blue 1540570133.030900
blue 1540570133.030930
blue 1540570133.031101
blue 1540570133.031144
blue 1540570133.031232
blue 1540570133.031326
blue 1540570133.031426
blue 1540570133.031615
blue 1540570133.031749
blue 1540570133.031824
blue 1540570133.031865
blue 1540570133.032031
blue 1540570133.032124
blue 1540570133.032187
blue 1540570133.032292
blue 1540570133.032335
blue 1540570133.032383
blue 1540570133.032428
blue 1540570133.032471
blue 1540570133.032657
blue 1540570133.032692
blue 1540570133.032828
blue 1540570133.032964
blue 1540570133.033048
blue 1540570133.033085
blue 1540570133.033200
blue 1540570133.033415
blue 1540570133.033453
blue 1540570133.033603
blue 1540570133.033646
blue 1540570133.033686
blue 1540570133.033741
blue 1540570133.033793
blue 1540570133.033881
blue 1540570133.034023
blue 1540570133.034068
blue 1540570133.034110
blue 1540570133.034301
blue 1540570133.034444
blue 1540570133.034563
blue 1540570133.034647
blue 1540570133.034690
blue 1540570133.034734
blue 1540570133.034816
blue 1540570133.034865
blue 1540570133.034954
blue 1540570133.034988
blue 1540570133.035026
blue 1540570133.035115
blue 1540570133.035271
blue 1540570133.035364
blue 1540570133.035406
blue 1540570133.035592
blue 1540570133.035637
blue 1540570133.035793
blue 1540570133.035836
blue 1540570133.035878
blue 1540570133.035924
blue 1540570133.035981
blue 1540570133.036068
blue 1540570133.036134
blue 1540570133.036337
blue 1540570133.036438
blue 1540570133.036518
blue 1540570133.036620
blue 1540570133.036658
blue 1540570133.036703
blue 1540570133.036742
blue 1540570133.036785
blue 1540570133.036860
blue 1540570133.036935
blue 1540570133.036993
blue 1540570133.037051
blue 1540570133.037099
blue 1540570133.037281
blue 1540570133.037418
blue 1540570133.037482
blue 1540570133.037526
blue 1540570133.037573
blue 1540570133.037620
blue 1540570133.037662
blue 1540570133.037783
blue 1540570133.037914
blue 1540570133.037953
blue 1540570133.038013
blue 1540570133.038143
blue 1540570133.038216
blue 1540570133.038321
blue 1540570133.038370
blue 1540570133.038483
blue 1540570133.038545
blue 1540570133.038667
blue 1540570133.038714
blue 1540570133.038797
blue 1540570133.038986
blue 1540570133.039141
blue 1540570133.039196
blue 1540570133.039243
blue 1540570133.039382
blue 1540570133.039419
blue 1540570133.039518
blue 1540570133.039557
blue 1540570133.039591
blue 1540570133.039668
blue 1540570133.039782
blue 1540570133.039831
blue 1540570133.039874
blue 1540570133.039949
blue 1540570133.040044
blue 1540570133.040237
blue 1540570133.040378
blue 1540570133.040471
blue 1540570133.040568
blue 1540570133.040666
blue 1540570133.040757
blue 1540570133.040822
blue 1540570133.040878
blue 1540570133.041027
blue 1540570133.041110
blue 1540570133.041170
blue 1540570133.041216
blue 1540570133.041263
blue 1540570133.041307
blue 1540570133.041350
blue 1540570133.041622
blue 1540570133.041706
blue 1540570133.041799
blue 1540570133.041848
blue 1540570133.041966
blue 1540570133.042063
blue 1540570133.042137
blue 1540570133.042188
blue 1540570133.042236
blue 1540570133.042290
blue 1540570133.042366
blue 1540570133.042417
blue 1540570133.042602
blue 1540570133.042719
blue 1540570133.042822
blue 1540570133.042893
blue 1540570133.042935
blue 1540570133.042977
blue 1540570133.043126
blue 1540570133.043171
blue 1540570133.043230
blue 1540570133.043323
blue 1540570133.043540
blue 1540570133.043646
blue 1540570133.043765
blue 1540570133.043813
blue 1540570133.043924
blue 1540570133.043990
blue 1540570133.044028
blue 1540570133.044178
blue 1540570133.044263
blue 1540570133.044345
blue 1540570133.044408
blue 1540570133.044441
blue 1540570133.044480
blue 1540570133.044591
blue 1540570133.044631
blue 1540570133.044760
blue 1540570133.044873
blue 1540570133.044906
blue 1540570133.045013
blue 1540570133.045051
blue 1540570133.045112
blue 1540570133.045215
blue 1540570133.045286
blue 1540570133.045396
blue 1540570133.045629
blue 1540570133.045681
blue 1540570133.045727
blue 1540570133.045791
blue 1540570133.045944
blue 1540570133.045999
blue 1540570133.046042
blue 1540570133.046126
blue 1540570133.046321
blue 1540570133.046387
blue 1540570133.046430
blue 1540570133.046504
blue 1540570133.046566
blue 1540570133.046624
blue 1540570133.046817
blue 1540570133.046962
blue 1540570133.047070
blue 1540570133.047110
blue 1540570133.047157
blue 1540570133.047203
blue 1540570133.047347
blue 1540570133.047393
blue 1540570133.047516
blue 1540570133.047582
blue 1540570133.047896
blue 1540570133.047961
blue 1540570133.048020
blue 1540570133.048139
blue 1540570133.048175
blue 1540570133.048210
blue 1540570133.048259
blue 1540570133.048309
blue 1540570133.048398
blue 1540570133.048490
blue 1540570133.048581
blue 1540570133.048632
blue 1540570133.048881
blue 1540570133.048919
blue 1540570133.049049
blue 1540570133.049105
blue 1540570133.049138
blue 1540570133.049195
blue 1540570133.049314
blue 1540570133.049354
blue 1540570133.049426
blue 1540570133.049463
blue 1540570133.049521
blue 1540570133.049636
blue 1540570133.049680
blue 1540570133.049832
blue 1540570133.049871
blue 1540570133.049942
blue 1540570133.049982
blue 1540570133.050015
blue 1540570133.050153
blue 1540570133.050200
blue 1540570133.050287
blue 1540570133.050389
blue 1540570133.050568
blue 1540570133.050654
blue 1540570133.050734
blue 1540570133.050813
blue 1540570133.050908
blue 1540570133.050948
blue 1540570133.050981
blue 1540570133.051042
blue 1540570133.051174
blue 1540570133.051240
blue 1540570133.051273
blue 1540570133.051378
blue 1540570133.051422
blue 1540570133.051464
blue 1540570133.051501
blue 1540570133.051691
blue 1540570133.051783
blue 1540570133.051819
blue 1540570133.051853
blue 1540570133.051990
blue 1540570133.052087
blue 1540570133.052176
blue 1540570133.052212
blue 1540570133.052305
blue 1540570133.052385
blue 1540570133.052415
blue 1540570133.052528
blue 1540570133.052624
blue 1540570133.052682
blue 1540570133.052732
blue 1540570133.052771
blue 1540570133.052850
blue 1540570133.052885
blue 1540570133.052961
blue 1540570133.053020
blue 1540570133.053257
blue 1540570133.053347
blue 1540570133.053398
blue 1540570133.053444
blue 1540570133.053573
blue 1540570133.053613
blue 1540570133.053652
blue 1540570133.053905
blue 1540570133.053948
blue 1540570133.053987
blue 1540570133.054059
blue 1540570133.054121
blue 1540570133.054210
blue 1540570133.054282
blue 1540570133.054321
blue 1540570133.054460
blue 1540570133.054505
blue 1540570133.054572
blue 1540570133.054646
blue 1540570133.054735
blue 1540570133.054802
blue 1540570133.054939
blue 1540570133.055085
blue 1540570133.055121
blue 1540570133.055275
blue 1540570133.055312
blue 1540570133.055386
blue 1540570133.055429
blue 1540570133.055561
blue 1540570133.055667
blue 1540570133.055812
blue 1540570133.055869
blue 1540570133.055926
blue 1540570133.055982
blue 1540570133.056037
blue 1540570133.056087
blue 1540570133.056246
blue 1540570133.056295
blue 1540570133.056361
blue 1540570133.056411
blue 1540570133.056637
blue 1540570133.056691
blue 1540570133.056729
blue 1540570133.056762
blue 1540570133.056799
blue 1540570133.056885
blue 1540570133.057001
blue 1540570133.057068
blue 1540570133.057101
blue 1540570133.057192
blue 1540570133.057254
blue 1540570133.057372
blue 1540570133.057444
blue 1540570133.057549
blue 1540570133.057627
blue 1540570133.057733
blue 1540570133.057799
blue 1540570133.057892
blue 1540570133.057958
blue 1540570133.058068
blue 1540570133.058171
blue 1540570133.058316
blue 1540570133.058357
blue 1540570133.058416
blue 1540570133.061165
blue 1540570133.061254
blue 1540570133.061292
blue 1540570133.061387
blue 1540570133.061432
blue 1540570133.061517
blue 1540570133.061607
blue 1540570133.061676
blue 1540570133.061799
blue 1540570133.061865
