red 1540570132.974330
red 1540570132.974613
red 1540570132.974685
red 1540570132.974733
red 1540570132.974838
red 1540570132.974870
red 1540570132.974914
red 1540570132.974962
red 1540570132.975039
red 1540570132.975080
red 1540570132.975257
red 1540570132.975310
red 1540570132.975405
red 1540570132.975445
red 1540570132.975605
red 1540570132.975687
red 1540570132.975750
red 1540570132.975796
red 1540570132.975978
red 1540570132.976038
red 1540570132.976070
red 1540570132.976119
red 1540570132.976294
red 1540570132.976374
red 1540570132.976415
red 1540570132.976442
red 1540570132.976494
red 1540570132.976528
red 1540570132.976568
red 1540570132.976673
red 1540570132.976727
red 1540570132.976809
red 1540570132.976860
red 1540570132.976963
red 1540570132.977019
red 1540570132.977122
red 1540570132.977182
red 1540570132.977291
red 1540570132.977393
red 1540570132.977484
red 1540570132.977528
red 1540570132.977592
red 1540570132.977782
red 1540570132.977826
red 1540570132.977867
red 1540570132.977949
red 1540570132.978076
red 1540570132.978108
red 1540570132.978178
red 1540570132.978218
red 1540570132.978347
red 1540570132.978394
red 1540570132.978468
red 1540570132.978529
red 1540570132.978627
red 1540570132.978680
red 1540570132.978808
red 1540570132.978910
red 1540570132.978935
red 1540570132.979089
red 1540570132.979236
red 1540570132.979296
red 1540570132.979349
red 1540570132.979386
red 1540570132.979433
red 1540570132.979470
red 1540570132.979520
red 1540570132.979611
red 1540570132.979707
red 1540570132.979757
red 1540570132.979897
red 1540570132.979930
red 1540570132.979962
red 1540570132.980171
red 1540570132.980207
red 1540570132.980343
red 1540570132.980391
red 1540570132.980569
red 1540570132.980613
red 1540570132.980664
red 1540570132.980737
red 1540570132.980789
red 1540570132.980837
red 1540570132.980942
red 1540570132.981048
red 1540570132.981118
red 1540570132.981168
red 1540570132.981201
red 1540570132.981284
red 1540570132.981355
red 1540570132.981431
red 1540570132.981500
red 1540570132.981702
red 1540570132.981741
red 1540570132.981808
red 1540570132.981856
red 1540570132.981904
red 1540570132.981930
red 1540570132.982003
red 1540570132.982074
red 1540570132.982144
red 1540570132.982269
red 1540570132.982328
red 1540570132.982425
red 1540570132.982491
red 1540570132.982537
red 1540570132.982619
red 1540570132.982670
red 1540570132.982725
red 1540570132.982831
red 1540570132.982908
red 1540570132.982945
red 1540570132.983013
red 1540570132.983102
red 1540570132.983206
red 1540570132.983248
red 1540570132.983278
red 1540570132.983366
red 1540570132.983436
red 1540570132.983504
red 1540570132.983652
red 1540570132.983692
red 1540570132.983741
red 1540570132.983774
red 1540570132.983846
red 1540570132.983983
red 1540570132.984014
red 1540570132.984043
red 1540570132.984097
red 1540570132.984175
red 1540570132.984280
red 1540570132.984395
red 1540570132.984435
red 1540570132.984470
red 1540570132.984505
red 1540570132.984537
red 1540570132.984626
red 1540570132.984683
red 1540570132.984778
red 1540570132.984953
red 1540570132.984999
red 1540570132.985053
red 1540570132.985085
red 1540570132.985150
red 1540570132.985221
red 1540570132.985322
red 1540570132.985353
red 1540570132.985500
red 1540570132.985543
red 1540570132.985580
red 1540570132.985651
red 1540570132.985724
red 1540570132.985793
red 1540570132.985836
red 1540570132.985877
red 1540570132.985997
red 1540570132.986044
red 1540570132.986117
red 1540570132.986194
red 1540570132.986298
red 1540570132.986392
red 1540570132.986428
red 1540570132.986545
red 1540570132.986576
red 1540570132.986623
red 1540570132.986692
red 1540570132.986773
red 1540570132.986856
red 1540570132.986975
red 1540570132.987013
red 1540570132.987054
red 1540570132.987204
red 1540570132.987416
red 1540570132.987454
red 1540570132.987516
red 1540570132.987567
red 1540570132.987747
red 1540570132.987808
red 1540570132.987914
red 1540570132.988050
red 1540570132.988094
red 1540570132.988196
red 1540570132.988423
red 1540570132.988489
red 1540570132.988526
red 1540570132.988657
red 1540570132.988696
red 1540570132.988860
red 1540570132.988902
red 1540570132.989050
red 1540570132.989119
red 1540570132.989178
red 1540570132.989227
red 1540570132.989329
red 1540570132.989514
red 1540570132.989581
red 1540570132.989662
red 1540570132.989696
red 1540570132.989748
red 1540570132.989789
red 1540570132.989823
red 1540570132.989902
red 1540570132.989942
red 1540570132.990049
red 1540570132.990081
red 1540570132.990140
red 1540570132.990249
red 1540570132.990385
red 1540570132.990518
red 1540570132.990552
red 1540570132.990669
red 1540570132.990709
red 1540570132.990761
red 1540570132.990886
red 1540570132.992629
red 1540570132.992679
red 1540570132.992835
red 1540570132.992882
red 1540570132.992956
red 1540570132.992993
red 1540570132.993078
red 1540570132.993184
red 1540570132.993249
red 1540570132.993292
red 1540570132.993369
red 1540570132.993411
red 1540570132.993504
red 1540570132.993581
red 1540570132.993798
red 1540570132.993841
red 1540570132.993902
red 1540570132.994007
red 1540570132.994086
red 1540570132.994126
red 1540570132.994174
red 1540570132.994217
red 1540570132.994441
red 1540570132.994514
red 1540570132.994597
red 1540570132.994675
red 1540570132.994750
red 1540570132.994827
red 1540570132.994896
red 1540570132.994968
red 1540570132.995063
red 1540570132.995134
red 1540570132.995214
red 1540570132.995266
red 1540570132.995337
red 1540570132.995438
red 1540570132.995508
red 1540570132.995587
red 1540570132.995673
red 1540570132.995724
red 1540570132.995795
red 1540570132.995871
red 1540570132.995944
red 1540570132.995979
red 1540570132.996056
red 1540570132.996205
red 1540570132.996260
red 1540570132.996352
red 1540570132.996392
red 1540570132.996428
red 1540570132.996596
red 1540570132.996650
red 1540570132.996716
red 1540570132.996748
red 1540570132.996863
red 1540570132.996926
red 1540570132.996969
red 1540570132.997008
red 1540570132.997049
red 1540570132.997273
red 1540570132.997319
red 1540570132.997381
red 1540570132.997429
red 1540570132.997507
red 1540570132.997600
red 1540570132.997669
red 1540570132.997764
red 1540570132.997801
red 1540570132.997836
red 1540570132.997875
red 1540570132.997959
red 1540570132.998128
red 1540570132.998219
red 1540570132.998251
red 1540570132.998298
red 1540570132.998504
red 1540570132.998553
red 1540570132.998593
red 1540570132.998628
red 1540570132.998923
red 1540570132.999016
red 1540570132.999101
red 1540570132.999159
red 1540570132.999236
red 1540570132.999338
red 1540570132.999381
red 1540570132.999411
red 1540570132.999470
red 1540570132.999551
red 1540570132.999670
red 1540570132.999715
red 1540570132.999816
red 1540570132.999902
red 1540570133.000031
red 1540570133.000164
red 1540570133.000202
red 1540570133.000255
red 1540570133.000376
red 1540570133.000454
red 1540570133.000493
red 1540570133.000524
red 1540570133.000555
red 1540570133.000611
red 1540570133.000873
red 1540570133.000942
red 1540570133.000991
red 1540570133.001094
red 1540570133.001157
red 1540570133.001243
red 1540570133.001298
red 1540570133.001372
red 1540570133.001419
red 1540570133.001469
red 1540570133.001574
red 1540570133.001721
red 1540570133.001772
red 1540570133.001930
red 1540570133.001982
red 1540570133.002014
red 1540570133.002070
red 1540570133.002187
red 1540570133.002235
red 1540570133.002421
red 1540570133.002463
red 1540570133.002510
red 1540570133.002687
red 1540570133.002762
red 1540570133.002808
red 1540570133.002907
red 1540570133.002954
red 1540570133.002989
red 1540570133.003030
red 1540570133.003169
red 1540570133.003327
red 1540570133.003369
red 1540570133.003431
red 1540570133.003662
red 1540570133.003715
red 1540570133.003755
red 1540570133.003800
red 1540570133.003833
red 1540570133.003937
red 1540570133.004022
red 1540570133.004166
red 1540570133.004329
red 1540570133.004410
red 1540570133.004474
red 1540570133.004546
red 1540570133.004609
red 1540570133.004677
red 1540570133.004733
red 1540570133.004785
red 1540570133.004937
red 1540570133.005015
red 1540570133.005150
red 1540570133.005212
red 1540570133.005255
red 1540570133.005293
red 1540570133.005322
red 1540570133.005409
red 1540570133.005509
red 1540570133.005682
red 1540570133.005812
red 1540570133.005853
red 1540570133.005891
red 1540570133.006002
red 1540570133.006056
red 1540570133.006153
red 1540570133.006274
red 1540570133.006315
red 1540570133.006353
red 1540570133.006459
red 1540570133.006555
red 1540570133.006648
red 1540570133.006678
red 1540570133.006725
red 1540570133.006872
red 1540570133.006943
red 1540570133.006976
red 1540570133.007098
red 1540570133.007141
red 1540570133.007252
red 1540570133.007288
red 1540570133.007362
red 1540570133.007489
red 1540570133.007545
red 1540570133.007647
red 1540570133.007700
red 1540570133.007776
red 1540570133.007985
red 1540570133.008091
red 1540570133.008196
red 1540570133.008306
red 1540570133.008415
red 1540570133.008468
red 1540570133.008616
red 1540570133.008655
red 1540570133.008696
red 1540570133.008887
red 1540570133.008925
red 1540570133.008982
red 1540570133.009061
red 1540570133.009138
red 1540570133.009259
red 1540570133.009338
red 1540570133.009406
red 1540570133.009465
red 1540570133.009510
red 1540570133.009550
red 1540570133.009589
red 1540570133.009794
red 1540570133.009890
red 1540570133.009970
red 1540570133.010047
red 1540570133.010093
red 1540570133.010159
red 1540570133.010198
red 1540570133.010238
red 1540570133.010298
red 1540570133.010360
red 1540570133.010615
red 1540570133.010719
red 1540570133.010814
red 1540570133.010891
red 1540570133.010972
red 1540570133.011069
red 1540570133.011152
red 1540570133.011195
red 1540570133.011281
red 1540570133.011393
red 1540570133.011440
red 1540570133.011523
red 1540570133.011564
red 1540570133.011655
red 1540570133.011705
red 1540570133.011827
red 1540570133.011873
red 1540570133.012025
red 1540570133.012190
red 1540570133.012271
red 1540570133.012350
red 1540570133.012437
red 1540570133.012490
red 1540570133.012612
red 1540570133.012679
red 1540570133.012753
red 1540570133.012838
red 1540570133.012883
red 1540570133.012937
red 1540570133.012983
red 1540570133.013039
red 1540570133.013097
red 1540570133.013201
red 1540570133.013250
red 1540570133.013403
red 1540570133.013639
red 1540570133.013724
red 1540570133.013802
red 1540570133.013895
red 1540570133.013981
red 1540570133.014062
red 1540570133.014113
red 1540570133.014175
red 1540570133.014352
red 1540570133.014447
red 1540570133.014533
red 1540570133.014632
red 1540570133.014700
red 1540570133.014818
red 1540570133.014913
red 1540570133.014988
red 1540570133.015051
red 1540570133.015095
red 1540570133.015175
red 1540570133.015346
red 1540570133.015430
red 1540570133.015472
red 1540570133.015583
red 1540570133.015703
red 1540570133.015749
red 1540570133.015873
red 1540570133.015950
red 1540570133.015996
red 1540570133.016123
red 1540570133.016198
red 1540570133.016245
red 1540570133.016371
red 1540570133.016409
red 1540570133.016454
red 1540570133.016604
red 1540570133.016683
red 1540570133.016799
red 1540570133.016883
red 1540570133.016970
red 1540570133.017065
red 1540570133.017151
red 1540570133.017197
red 1540570133.017238
red 1540570133.017395
red 1540570133.017471
red 1540570133.017512
red 1540570133.017691
red 1540570133.017755
red 1540570133.017810
red 1540570133.017851
red 1540570133.017951
red 1540570133.018064
red 1540570133.018103
red 1540570133.018252
red 1540570133.018339
red 1540570133.018409
red 1540570133.018493
red 1540570133.018584
red 1540570133.018650
red 1540570133.018694
red 1540570133.018824
red 1540570133.018905
red 1540570133.018989
red 1540570133.019074
red 1540570133.019155
red 1540570133.019211
red 1540570133.019275
red 1540570133.019372
red 1540570133.019418
red 1540570133.019456
red 1540570133.019591
red 1540570133.019635
red 1540570133.019672
red 1540570133.019806
red 1540570133.019874
red 1540570133.020017
red 1540570133.020055
red 1540570133.020102
red 1540570133.020142
red 1540570133.020265
red 1540570133.020304
red 1540570133.020432
red 1540570133.020486
red 1540570133.020611
red 1540570133.020667
red 1540570133.020748
red 1540570133.020863
red 1540570133.020974
red 1540570133.021022
red 1540570133.021118
red 1540570133.021240
red 1540570133.021321
red 1540570133.021436
red 1540570133.021482
red 1540570133.021677
red 1540570133.021763
red 1540570133.021843
red 1540570133.021952
red 1540570133.022045
red 1540570133.022140
red 1540570133.022213
red 1540570133.022310
red 1540570133.022413
red 1540570133.022547
red 1540570133.022659
red 1540570133.022715
red 1540570133.022796
red 1540570133.022923
red 1540570133.022952
red 1540570133.022992
red 1540570133.023081
red 1540570133.023253
red 1540570133.023287
red 1540570133.023439
red 1540570133.023486
red 1540570133.023656
red 1540570133.023725
red 1540570133.023782
red 1540570133.023824
red 1540570133.023906
red 1540570133.024020
red 1540570133.024059
red 1540570133.024102
red 1540570133.024180
red 1540570133.024282
red 1540570133.024316
red 1540570133.024435
red 1540570133.024469
red 1540570133.024648
red 1540570133.024689
red 1540570133.024766
red 1540570133.024808
red 1540570133.024948
red 1540570133.025011
red 1540570133.025065
red 1540570133.025161
red 1540570133.025236
red 1540570133.025408
red 1540570133.025451
red 1540570133.025596
red 1540570133.025636
red 1540570133.025692
red 1540570133.025730
red 1540570133.026535
red 1540570133.026671
red 1540570133.026765
red 1540570133.026826
red 1540570133.026927
red 1540570133.026995
red 1540570133.027039
red 1540570133.027183
red 1540570133.027222
red 1540570133.027277
red 1540570133.027394
red 1540570133.027539
red 1540570133.027732
red 1540570133.027814
red 1540570133.027899
red 1540570133.027974
red 1540570133.028066
red 1540570133.028183
red 1540570133.028241
red 1540570133.028287
red 1540570133.028370
red 1540570133.028415
red 1540570133.028458
red 1540570133.028583
red 1540570133.028732
red 1540570133.028774
red 1540570133.028823
red 1540570133.028871
red 1540570133.029108
red 1540570133.029153
red 1540570133.029207
red 1540570133.029251
red 1540570133.029292
red 1540570133.029558
red 1540570133.029642
red 1540570133.029689
red 1540570133.029801
red 1540570133.029833
red 1540570133.029880
red 1540570133.030024
red 1540570133.030103
red 1540570133.030190
red 1540570133.030240
red 1540570133.030280
red 1540570133.030324
red 1540570133.030366
red 1540570133.030477
red 1540570133.030523
red 1540570133.030711
red 1540570133.030752
red 1540570133.030835
red 1540570133.030874
red 1540570133.030909
red 1540570133.030960
red 1540570133.031115
red 1540570133.031158
red 1540570133.031253
red 1540570133.031396
red 1540570133.031454
red 1540570133.031628
red 1540570133.031796
red 1540570133.031835
red 1540570133.031875
red 1540570133.032064
red 1540570133.032158
red 1540570133.032245
red 1540570133.032305
red 1540570133.032354
red 1540570133.032401
red 1540570133.032439
red 1540570133.032485
red 1540570133.032670
red 1540570133.032723
red 1540570133.032860
red 1540570133.032982
red 1540570133.033058
red 1540570133.033100
red 1540570133.033230
red 1540570133.033431
red 1540570133.033573
red 1540570133.033616
red 1540570133.033658
red 1540570133.033698
red 1540570133.033753
red 1540570133.033853
red 1540570133.033895
red 1540570133.034037
red 1540570133.034081
red 1540570133.034272
red 1540570133.034310
red 1540570133.034476
red 1540570133.034593
red 1540570133.034662
red 1540570133.034703
red 1540570133.034746
red 1540570133.034828
red 1540570133.034887
red 1540570133.034966
red 1540570133.035000
red 1540570133.035038
red 1540570133.035128
red 1540570133.035309
red 1540570133.035377
red 1540570133.035417
red 1540570133.035608
red 1540570133.035653
red 1540570133.035815
red 1540570133.035849
red 1540570133.035896
red 1540570133.035938
red 1540570133.036046
red 1540570133.036096
red 1540570133.036177
red 1540570133.036353
red 1540570133.036456
red 1540570133.036574
red 1540570133.036630
red 1540570133.036673
red 1540570133.036716
red 1540570133.036755
red 1540570133.036801
red 1540570133.036878
red 1540570133.036954
red 1540570133.037013
red 1540570133.037072
red 1540570133.037201
red 1540570133.037290
red 1540570133.037440
red 1540570133.037500
red 1540570133.037545
red 1540570133.037590
red 1540570133.037637
red 1540570133.037677
red 1540570133.037890
red 1540570133.037929
red 1540570133.037965
red 1540570133.038022
red 1540570133.038154
red 1540570133.038234
red 1540570133.038331
red 1540570133.038459
red 1540570133.038494
red 1540570133.038560
red 1540570133.038682
red 1540570133.038732
red 1540570133.038861
red 1540570133.038996
red 1540570133.039150
red 1540570133.039212
red 1540570133.039255
red 1540570133.039396
red 1540570133.039487
red 1540570133.039529
red 1540570133.039569
red 1540570133.039642
red 1540570133.039739
red 1540570133.039799
red 1540570133.039845
red 1540570133.039890
red 1540570133.040018
red 1540570133.040059
red 1540570133.040325
red 1540570133.040405
red 1540570133.040508
red 1540570133.040602
red 1540570133.040693
red 1540570133.040788
red 1540570133.040847
red 1540570133.040971
red 1540570133.041055
red 1540570133.041138
red 1540570133.041184
red 1540570133.041233
red 1540570133.041279
red 1540570133.041322
red 1540570133.041531
red 1540570133.041650
red 1540570133.041734
red 1540570133.041824
red 1540570133.041907
red 1540570133.041978
red 1540570133.042096
red 1540570133.042154
red 1540570133.042205
red 1540570133.042261
red 1540570133.042305
red 1540570133.042383
red 1540570133.042565
red 1540570133.042614
red 1540570133.042737
red 1540570133.042832
red 1540570133.042905
red 1540570133.042951
red 1540570133.043016
red 1540570133.043143
red 1540570133.043188
red 1540570133.043256
red 1540570133.043503
red 1540570133.043556
red 1540570133.043657
red 1540570133.043789
red 1540570133.043867
red 1540570133.043937
red 1540570133.044002
red 1540570133.044041
red 1540570133.044206
red 1540570133.044290
red 1540570133.044371
red 1540570133.044419
red 1540570133.044457
red 1540570133.044492
red 1540570133.044601
red 1540570133.044733
red 1540570133.044777
red 1540570133.044885
red 1540570133.044920
red 1540570133.045023
red 1540570133.045060
red 1540570133.045132
red 1540570133.045252
red 1540570133.045300
red 1540570133.045408
red 1540570133.045642
red 1540570133.045696
red 1540570133.045758
red 1540570133.045913
red 1540570133.045967
red 1540570133.046019
red 1540570133.046100
red 1540570133.046137
red 1540570133.046331
red 1540570133.046403
red 1540570133.046462
red 1540570133.046516
red 1540570133.046580
red 1540570133.046793
red 1540570133.046840
red 1540570133.047030
red 1540570133.047087
red 1540570133.047125
red 1540570133.047171
red 1540570133.047220
red 1540570133.047358
red 1540570133.047411
red 1540570133.047548
red 1540570133.047772
red 1540570133.047923
red 1540570133.047976
red 1540570133.048036
red 1540570133.048150
red 1540570133.048188
red 1540570133.048225
red 1540570133.048274
red 1540570133.048370
red 1540570133.048409
red 1540570133.048514
red 1540570133.048592
red 1540570133.048658
red 1540570133.048893
red 1540570133.048949
red 1540570133.049074
red 1540570133.049118
red 1540570133.049168
red 1540570133.049237
red 1540570133.049327
red 1540570133.049367
red 1540570133.049441
red 1540570133.049477
red 1540570133.049615
red 1540570133.049649
red 1540570133.049690
red 1540570133.049849
red 1540570133.049920
red 1540570133.049957
red 1540570133.049994
red 1540570133.050051
red 1540570133.050162
red 1540570133.050213
red 1540570133.050298
red 1540570133.050425
red 1540570133.050593
red 1540570133.050677
red 1540570133.050762
red 1540570133.050823
red 1540570133.050921
red 1540570133.050962
red 1540570133.050997
red 1540570133.051053
red 1540570133.051198
red 1540570133.051248
red 1540570133.051287
red 1540570133.051389
red 1540570133.051434
red 1540570133.051476
red 1540570133.051532
red 1540570133.051717
red 1540570133.051792
red 1540570133.051831
red 1540570133.051907
red 1540570133.052013
red 1540570133.052102
red 1540570133.052188
red 1540570133.052223
red 1540570133.052313
red 1540570133.052394
red 1540570133.052481
red 1540570133.052563
red 1540570133.052636
red 1540570133.052695
red 1540570133.052745
red 1540570133.052815
red 1540570133.052864
red 1540570133.052909
red 1540570133.052973
red 1540570133.053049
red 1540570133.053281
red 1540570133.053372
red 1540570133.053419
red 1540570133.053462
red 1540570133.053586
red 1540570133.053624
red 1540570133.053664
red 1540570133.053929
red 1540570133.053962
red 1540570133.054020
red 1540570133.054091
red 1540570133.054133
red 1540570133.054222
red 1540570133.054295
red 1540570133.054334
red 1540570133.054471
red 1540570133.054518
red 1540570133.054599
red 1540570133.054679
red 1540570133.054747
red 1540570133.054832
red 1540570133.054952
red 1540570133.055096
red 1540570133.055255
red 1540570133.055285
red 1540570133.055322
red 1540570133.055402
red 1540570133.055444
red 1540570133.055573
red 1540570133.055677
red 1540570133.055837
red 1540570133.055880
red 1540570133.055956
red 1540570133.055996
red 1540570133.056050
red 1540570133.056105
red 1540570133.056257
red 1540570133.056330
red 1540570133.056386
red 1540570133.056427
red 1540570133.056651
red 1540570133.056704
red 1540570133.056742
red 1540570133.056775
red 1540570133.056862
red 1540570133.056895
red 1540570133.057047
red 1540570133.057079
red 1540570133.057121
red 1540570133.057200
red 1540570133.057297
red 1540570133.057381
red 1540570133.057523
red 1540570133.057602
red 1540570133.057667
red 1540570133.057754
red 1540570133.057852
red 1540570133.057914
red 1540570133.058037
red 1540570133.058097
red 1540570133.058182
red 1540570133.058326
red 1540570133.058373
red 1540570133.058566
red 1540570133.061183
red 1540570133.061263
red 1540570133.061302
red 1540570133.061398
red 1540570133.061448
red 1540570133.061574
red 1540570133.061631
red 1540570133.061724
red 1540570133.061813
